<?xml version="1.0" encoding="UTF-8"?>
<coverage generated="1579442004863" clover="3.2.0">
  <project timestamp="1579442004863" name="All files">
    <metrics statements="100" coveredstatements="86" conditionals="84" coveredconditionals="59" methods="33" coveredmethods="25" elements="217" coveredelements="170" complexity="0" loc="100" ncloc="100" packages="7" files="9" classes="9">
      <package name="app.components.Carousel">
        <metrics statements="10" coveredstatements="7" conditionals="8" coveredconditionals="1" methods="3" coveredmethods="2"/>
        <file name="Carousel.jsx" path="/Users/georgejowitt/Development/Clearscore/clearscore-carousel/carousel/src/app/components/Carousel/Carousel.jsx">
          <metrics statements="10" coveredstatements="7" conditionals="8" coveredconditionals="1" methods="3" coveredmethods="2"/>
          <line num="8" count="2" type="stmt"/>
          <line num="18" count="0" type="stmt"/>
          <line num="19" count="0" type="cond" truecount="0" falsecount="2"/>
          <line num="28" count="0" type="stmt"/>
          <line num="35" count="3" type="stmt"/>
          <line num="36" count="3" type="cond" truecount="1" falsecount="1"/>
          <line num="37" count="3" type="stmt"/>
          <line num="41" count="12" type="stmt"/>
          <line num="42" count="12" type="stmt"/>
          <line num="55" count="2" type="stmt"/>
        </file>
      </package>
      <package name="app.components.Dashboard">
        <metrics statements="8" coveredstatements="6" conditionals="0" coveredconditionals="0" methods="5" coveredmethods="3"/>
        <file name="Dashboard.jsx" path="/Users/georgejowitt/Development/Clearscore/clearscore-carousel/carousel/src/app/components/Dashboard/Dashboard.jsx">
          <metrics statements="8" coveredstatements="6" conditionals="0" coveredconditionals="0" methods="5" coveredmethods="3"/>
          <line num="6" count="1" type="stmt"/>
          <line num="10" count="3" type="stmt"/>
          <line num="12" count="3" type="stmt"/>
          <line num="18" count="3" type="stmt"/>
          <line num="19" count="0" type="stmt"/>
          <line num="20" count="0" type="stmt"/>
          <line num="24" count="3" type="stmt"/>
          <line num="25" count="3" type="stmt"/>
        </file>
      </package>
      <package name="app.components.Slide">
        <metrics statements="4" coveredstatements="4" conditionals="6" coveredconditionals="6" methods="1" coveredmethods="1"/>
        <file name="Slide.jsx" path="/Users/georgejowitt/Development/Clearscore/clearscore-carousel/carousel/src/app/components/Slide/Slide.jsx">
          <metrics statements="4" coveredstatements="4" conditionals="6" coveredconditionals="6" methods="1" coveredmethods="1"/>
          <line num="6" count="3" type="stmt"/>
          <line num="8" count="3" type="stmt"/>
          <line num="9" count="13" type="stmt"/>
          <line num="15" count="3" type="stmt"/>
        </file>
      </package>
      <package name="app.components.SlideSelector">
        <metrics statements="6" coveredstatements="6" conditionals="2" coveredconditionals="2" methods="3" coveredmethods="3"/>
        <file name="SlideSelector.jsx" path="/Users/georgejowitt/Development/Clearscore/clearscore-carousel/carousel/src/app/components/SlideSelector/SlideSelector.jsx">
          <metrics statements="6" coveredstatements="6" conditionals="2" coveredconditionals="2" methods="3" coveredmethods="3"/>
          <line num="6" count="3" type="stmt"/>
          <line num="8" count="3" type="stmt"/>
          <line num="9" count="11" type="stmt"/>
          <line num="11" count="13" type="stmt"/>
          <line num="14" count="1" type="stmt"/>
          <line num="20" count="3" type="stmt"/>
        </file>
      </package>
      <package name="app.polyfills">
        <metrics statements="9" coveredstatements="9" conditionals="4" coveredconditionals="2" methods="1" coveredmethods="1"/>
        <file name="node-fetch.js" path="/Users/georgejowitt/Development/Clearscore/clearscore-carousel/carousel/src/app/polyfills/node-fetch.js">
          <metrics statements="9" coveredstatements="9" conditionals="4" coveredconditionals="2" methods="1" coveredmethods="1"/>
          <line num="1" count="6" type="stmt"/>
          <line num="3" count="6" type="stmt"/>
          <line num="4" count="3" type="cond" truecount="1" falsecount="1"/>
          <line num="7" count="3" type="stmt"/>
          <line num="10" count="6" type="cond" truecount="1" falsecount="1"/>
          <line num="11" count="6" type="stmt"/>
          <line num="12" count="6" type="stmt"/>
          <line num="13" count="6" type="stmt"/>
          <line num="14" count="6" type="stmt"/>
        </file>
      </package>
      <package name="app.utils">
        <metrics statements="46" coveredstatements="38" conditionals="48" coveredconditionals="41" methods="19" coveredmethods="14"/>
        <file name="bem.js" path="/Users/georgejowitt/Development/Clearscore/clearscore-carousel/carousel/src/app/utils/bem.js">
          <metrics statements="15" coveredstatements="15" conditionals="28" coveredconditionals="27" methods="5" coveredmethods="5"/>
          <line num="2" count="135" type="cond" truecount="2" falsecount="0"/>
          <line num="3" count="123" type="stmt"/>
          <line num="6" count="12" type="cond" truecount="2" falsecount="0"/>
          <line num="8" count="16" type="stmt"/>
          <line num="10" count="16" type="cond" truecount="2" falsecount="0"/>
          <line num="13" count="5" type="stmt"/>
          <line num="16" count="41" type="cond" truecount="3" falsecount="0"/>
          <line num="17" count="127" type="stmt"/>
          <line num="18" count="127" type="cond" truecount="2" falsecount="0"/>
          <line num="19" count="127" type="cond" truecount="4" falsecount="0"/>
          <line num="20" count="127" type="cond" truecount="4" falsecount="0"/>
          <line num="21" count="127" type="cond" truecount="2" falsecount="0"/>
          <line num="22" count="127" type="cond" truecount="2" falsecount="0"/>
          <line num="23" count="127" type="stmt"/>
          <line num="26" count="5" type="stmt"/>
        </file>
        <file name="fetch.js" path="/Users/georgejowitt/Development/Clearscore/clearscore-carousel/carousel/src/app/utils/fetch.js">
          <metrics statements="22" coveredstatements="16" conditionals="13" coveredconditionals="9" methods="13" coveredmethods="8"/>
          <line num="5" count="1" type="stmt"/>
          <line num="6" count="82" type="stmt"/>
          <line num="11" count="6" type="cond" truecount="3" falsecount="1"/>
          <line num="12" count="0" type="stmt"/>
          <line num="13" count="0" type="stmt"/>
          <line num="14" count="0" type="stmt"/>
          <line num="16" count="6" type="stmt"/>
          <line num="19" count="1" type="stmt"/>
          <line num="28" count="3" type="stmt"/>
          <line num="39" count="1" type="cond" truecount="1" falsecount="0"/>
          <line num="40" count="6" type="cond" truecount="2" falsecount="0"/>
          <line num="42" count="6" type="cond" truecount="2" falsecount="0"/>
          <line num="43" count="1" type="cond" truecount="1" falsecount="1"/>
          <line num="46" count="6" type="stmt"/>
          <line num="48" count="6" type="stmt"/>
          <line num="50" count="0" type="stmt"/>
          <line num="54" count="1" type="stmt"/>
          <line num="55" count="0" type="stmt"/>
          <line num="57" count="1" type="stmt"/>
          <line num="58" count="0" type="stmt"/>
          <line num="60" count="1" type="stmt"/>
          <line num="61" count="3" type="stmt"/>
        </file>
        <file name="index.js" path="/Users/georgejowitt/Development/Clearscore/clearscore-carousel/carousel/src/app/utils/index.js">
          <metrics statements="9" coveredstatements="7" conditionals="7" coveredconditionals="5" methods="1" coveredmethods="1"/>
          <line num="3" count="1" type="cond" truecount="2" falsecount="0"/>
          <line num="5" count="1" type="stmt"/>
          <line num="7" count="1" type="cond" truecount="2" falsecount="1"/>
          <line num="9" count="1" type="stmt"/>
          <line num="10" count="1" type="cond" truecount="1" falsecount="1"/>
          <line num="11" count="0" type="stmt"/>
          <line num="12" count="0" type="stmt"/>
          <line num="14" count="1" type="stmt"/>
          <line num="17" count="1" type="stmt"/>
        </file>
      </package>
      <package name="config">
        <metrics statements="17" coveredstatements="16" conditionals="16" coveredconditionals="7" methods="1" coveredmethods="1"/>
        <file name="environment.js" path="/Users/georgejowitt/Development/Clearscore/clearscore-carousel/carousel/src/config/environment.js">
          <metrics statements="17" coveredstatements="16" conditionals="16" coveredconditionals="7" methods="1" coveredmethods="1"/>
          <line num="1" count="1" type="stmt"/>
          <line num="3" count="1" type="stmt"/>
          <line num="4" count="1" type="stmt"/>
          <line num="6" count="1" type="stmt"/>
          <line num="8" count="1" type="cond" truecount="1" falsecount="1"/>
          <line num="10" count="0" type="cond" truecount="0" falsecount="2"/>
          <line num="13" count="1" type="cond" truecount="1" falsecount="1"/>
          <line num="15" count="1" type="stmt"/>
          <line num="19" count="1" type="cond" truecount="1" falsecount="1"/>
          <line num="20" count="1" type="cond" truecount="1" falsecount="1"/>
          <line num="21" count="1" type="cond" truecount="1" falsecount="1"/>
          <line num="23" count="1" type="cond" truecount="1" falsecount="1"/>
          <line num="25" count="1" type="stmt"/>
          <line num="37" count="1" type="cond" truecount="1" falsecount="1"/>
          <line num="38" count="1" type="stmt"/>
          <line num="39" count="1" type="stmt"/>
          <line num="42" count="1" type="stmt"/>
        </file>
      </package>
    </metrics>
  </project>
</coverage>
