TN:
SF:/Users/georgejowitt/Development/Clearscore/clearscore-carousel/carousel/src/app/components/Carousel/Carousel.jsx
FN:17,(anonymous_0)
FN:18,(anonymous_1)
FN:21,(anonymous_2)
FN:25,(anonymous_3)
FN:46,(anonymous_4)
FN:52,(anonymous_5)
FNF:6
FNH:3
FNDA:5,(anonymous_0)
FNDA:0,(anonymous_1)
FNDA:0,(anonymous_2)
FNDA:0,(anonymous_3)
FNDA:3,(anonymous_4)
FNDA:12,(anonymous_5)
DA:8,2
DA:18,5
DA:22,0
DA:26,0
DA:27,0
DA:40,0
DA:47,3
DA:48,3
DA:49,3
DA:53,12
DA:54,12
DA:67,2
LF:12
LH:8
BRDA:27,0,0,0
BRDA:27,0,1,0
BRDA:37,1,0,0
BRDA:37,1,1,0
BRDA:37,2,0,0
BRDA:37,2,1,0
BRDA:48,3,0,0
BRDA:48,3,1,3
BRF:8
BRH:1
end_of_record
TN:
SF:/Users/georgejowitt/Development/Clearscore/clearscore-carousel/carousel/src/app/components/Dashboard/Dashboard.jsx
FN:9,(anonymous_0)
FN:17,(anonymous_1)
FN:19,(anonymous_2)
FN:20,(anonymous_3)
FN:23,(anonymous_4)
FNF:5
FNH:3
FNDA:3,(anonymous_0)
FNDA:3,(anonymous_1)
FNDA:0,(anonymous_2)
FNDA:0,(anonymous_3)
FNDA:3,(anonymous_4)
DA:6,1
DA:10,3
DA:12,3
DA:18,3
DA:19,0
DA:20,0
DA:24,3
DA:25,3
LF:8
LH:6
BRF:0
BRH:0
end_of_record
TN:
SF:/Users/georgejowitt/Development/Clearscore/clearscore-carousel/carousel/src/app/components/ProgressRing/ProgressRing.jsx
FN:8,(anonymous_0)
FNF:1
FNH:1
FNDA:1,(anonymous_0)
DA:6,4
DA:8,4
DA:10,1
DA:11,1
DA:12,1
DA:13,1
DA:15,1
DA:17,1
DA:32,4
LF:9
LH:9
BRF:0
BRH:0
end_of_record
TN:
SF:/Users/georgejowitt/Development/Clearscore/clearscore-carousel/carousel/src/app/components/Slide/Slide.jsx
FN:9,(anonymous_0)
FNF:1
FNH:1
FNDA:14,(anonymous_0)
DA:7,3
DA:9,3
DA:10,14
DA:21,3
LF:4
LH:4
BRDA:11,0,0,11
BRDA:11,0,1,3
BRDA:12,1,0,11
BRDA:12,1,1,3
BRDA:13,2,0,11
BRDA:13,2,1,3
BRDA:14,3,0,11
BRDA:14,3,1,3
BRDA:17,4,0,14
BRDA:17,4,1,11
BRDA:17,4,2,3
BRF:11
BRH:11
end_of_record
TN:
SF:/Users/georgejowitt/Development/Clearscore/clearscore-carousel/carousel/src/app/components/SlideSelector/SlideSelector.jsx
FN:8,(anonymous_0)
FN:10,(anonymous_1)
FN:14,(anonymous_2)
FNF:3
FNH:3
FNDA:11,(anonymous_0)
FNDA:13,(anonymous_1)
FNDA:1,(anonymous_2)
DA:6,3
DA:8,3
DA:9,11
DA:11,13
DA:14,1
DA:20,3
LF:6
LH:6
BRDA:12,0,0,8
BRDA:12,0,1,5
BRF:2
BRH:2
end_of_record
TN:
SF:/Users/georgejowitt/Development/Clearscore/clearscore-carousel/carousel/src/app/polyfills/node-fetch.js
FN:3,(anonymous_0)
FNF:1
FNH:1
FNDA:3,(anonymous_0)
DA:1,7
DA:3,7
DA:4,3
DA:7,3
DA:10,7
DA:11,7
DA:12,7
DA:13,7
DA:14,7
LF:9
LH:9
BRDA:4,0,0,0
BRDA:4,0,1,3
BRDA:10,1,0,7
BRDA:10,1,1,0
BRF:4
BRH:2
end_of_record
TN:
SF:/Users/georgejowitt/Development/Clearscore/clearscore-carousel/carousel/src/app/utils/bem.js
FN:1,toClass
FN:8,(anonymous_1)
FN:10,(anonymous_2)
FN:13,(anonymous_3)
FN:16,(anonymous_4)
FNF:5
FNH:5
FNDA:139,toClass
FNDA:16,(anonymous_1)
FNDA:16,(anonymous_2)
FNDA:45,(anonymous_3)
FNDA:132,(anonymous_4)
DA:2,139
DA:3,127
DA:6,12
DA:8,16
DA:10,16
DA:13,6
DA:16,45
DA:17,132
DA:18,132
DA:19,132
DA:20,132
DA:21,132
DA:22,132
DA:23,132
DA:26,6
LF:15
LH:15
BRDA:1,0,0,0
BRDA:1,1,0,12
BRDA:2,2,0,127
BRDA:2,2,1,12
BRDA:6,3,0,4
BRDA:6,3,1,8
BRDA:10,4,0,6
BRDA:10,4,1,10
BRDA:14,5,0,29
BRDA:14,6,0,45
BRDA:14,7,0,45
BRDA:16,8,0,2
BRDA:16,9,0,108
BRDA:16,10,0,120
BRDA:18,11,0,111
BRDA:18,11,1,21
BRDA:19,12,0,12
BRDA:19,12,1,120
BRDA:19,13,0,132
BRDA:19,13,1,16
BRDA:20,14,0,4
BRDA:20,14,1,128
BRDA:20,15,0,132
BRDA:20,15,1,16
BRDA:21,16,0,12
BRDA:21,16,1,120
BRDA:22,17,0,111
BRDA:22,17,1,21
BRF:28
BRH:27
end_of_record
TN:
SF:/Users/georgejowitt/Development/Clearscore/clearscore-carousel/carousel/src/app/utils/fetch.js
FN:4,queryParams
FN:6,(anonymous_1)
FN:10,checkStatus
FN:19,(anonymous_3)
FN:28,(anonymous_4)
FN:39,(anonymous_5)
FN:48,(anonymous_6)
FN:49,(anonymous_7)
FN:54,(anonymous_8)
FN:55,(anonymous_9)
FN:57,(anonymous_10)
FN:60,(anonymous_11)
FN:61,(anonymous_12)
FNF:13
FNH:8
FNDA:1,queryParams
FNDA:77,(anonymous_1)
FNDA:6,checkStatus
FNDA:0,(anonymous_3)
FNDA:3,(anonymous_4)
FNDA:6,(anonymous_5)
FNDA:6,(anonymous_6)
FNDA:0,(anonymous_7)
FNDA:0,(anonymous_8)
FNDA:0,(anonymous_9)
FNDA:0,(anonymous_10)
FNDA:3,(anonymous_11)
FNDA:3,(anonymous_12)
DA:5,1
DA:6,77
DA:11,6
DA:12,0
DA:13,0
DA:14,0
DA:16,6
DA:19,1
DA:28,3
DA:39,1
DA:40,6
DA:42,6
DA:43,1
DA:46,6
DA:48,6
DA:50,0
DA:54,1
DA:55,0
DA:57,1
DA:58,0
DA:60,1
DA:61,3
LF:22
LH:16
BRDA:11,0,0,0
BRDA:11,0,1,6
BRDA:11,1,0,6
BRDA:11,1,1,6
BRDA:25,2,0,0
BRDA:25,2,1,0
BRDA:39,3,0,2
BRDA:40,4,0,1
BRDA:40,4,1,5
BRDA:42,5,0,1
BRDA:42,5,1,5
BRDA:43,6,0,1
BRDA:43,6,1,0
BRF:13
BRH:9
end_of_record
TN:
SF:/Users/georgejowitt/Development/Clearscore/clearscore-carousel/carousel/src/app/utils/index.js
FN:9,(anonymous_0)
FNF:1
FNH:1
FNDA:1,(anonymous_0)
DA:3,1
DA:5,1
DA:7,1
DA:9,1
DA:10,1
DA:11,0
DA:12,0
DA:14,1
DA:17,1
LF:9
LH:7
BRDA:3,0,0,1
BRDA:3,0,1,1
BRDA:7,1,0,1
BRDA:7,1,1,1
BRDA:7,1,2,0
BRDA:10,2,0,0
BRDA:10,2,1,1
BRF:7
BRH:5
end_of_record
TN:
SF:/Users/georgejowitt/Development/Clearscore/clearscore-carousel/carousel/src/config/environment.js
FN:6,(anonymous_0)
FNF:1
FNH:1
FNDA:1,(anonymous_0)
DA:1,1
DA:3,1
DA:4,1
DA:6,1
DA:8,1
DA:10,0
DA:13,1
DA:15,1
DA:19,1
DA:20,1
DA:21,1
DA:23,1
DA:25,1
DA:37,1
DA:38,1
DA:39,1
DA:42,1
LF:17
LH:16
BRDA:8,0,0,0
BRDA:8,0,1,1
BRDA:10,1,0,0
BRDA:10,1,1,0
BRDA:13,2,0,1
BRDA:13,2,1,0
BRDA:19,3,0,0
BRDA:19,3,1,1
BRDA:20,4,0,0
BRDA:20,4,1,1
BRDA:21,5,0,1
BRDA:21,5,1,0
BRDA:23,6,0,1
BRDA:23,6,1,0
BRDA:37,7,0,1
BRDA:37,7,1,0
BRF:16
BRH:7
end_of_record
